  [1m[36mActiveRecord::SchemaMigration Load (0.4ms)[0m  [1mSELECT "schema_migrations".* FROM "schema_migrations"[0m
Migrating to CreateRelationships (20150629183205)
  [1m[35m (0.2ms)[0m  BEGIN
  [1m[36m (9.4ms)[0m  [1mCREATE TABLE "relationships" ("id" serial primary key, "local_id" integer, "visitor_id" integer, "created_at" timestamp NOT NULL, "updated_at" timestamp NOT NULL) [0m
  [1m[35mSQL (0.2ms)[0m  INSERT INTO "schema_migrations" ("version") VALUES ($1)  [["version", "20150629183205"]]
  [1m[36m (5.5ms)[0m  [1mCOMMIT[0m
Migrating to CreateInterests (20150629223547)
  [1m[35m (6.3ms)[0m  BEGIN
  [1m[36m (16.2ms)[0m  [1mCREATE TABLE "interests" ("id" serial primary key, "title" character varying, "description" character varying, "created_at" timestamp NOT NULL, "updated_at" timestamp NOT NULL) [0m
  [1m[35mSQL (0.2ms)[0m  INSERT INTO "schema_migrations" ("version") VALUES ($1)  [["version", "20150629223547"]]
  [1m[36m (0.5ms)[0m  [1mCOMMIT[0m
Migrating to CreateTours (20150629224711)
  [1m[35m (6.0ms)[0m  BEGIN
  [1m[36m (14.6ms)[0m  [1mCREATE TABLE "tours" ("id" serial primary key, "local_id" integer, "name" character varying, "interest_id" integer, "description" text, "created_at" timestamp NOT NULL, "updated_at" timestamp NOT NULL) [0m
  [1m[35m (5.8ms)[0m  CREATE  INDEX  "index_tours_on_interest_id" ON "tours"  ("interest_id")
  [1m[36m (6.6ms)[0m  [1mALTER TABLE "tours" ADD CONSTRAINT "fk_rails_c1d627ec75"
FOREIGN KEY ("interest_id")
  REFERENCES "interests" ("id")
[0m
  [1m[35mSQL (0.2ms)[0m  INSERT INTO "schema_migrations" ("version") VALUES ($1)  [["version", "20150629224711"]]
  [1m[36m (0.6ms)[0m  [1mCOMMIT[0m
Migrating to CreateSteps (20150629224831)
  [1m[35m (5.8ms)[0m  BEGIN
  [1m[36m (14.6ms)[0m  [1mCREATE TABLE "steps" ("id" serial primary key, "tour_id" integer, "text" text, "number" integer, "created_at" timestamp NOT NULL, "updated_at" timestamp NOT NULL) [0m
  [1m[35m (1.2ms)[0m  CREATE  INDEX  "index_steps_on_tour_id" ON "steps"  ("tour_id")
  [1m[36m (1.9ms)[0m  [1mALTER TABLE "steps" ADD CONSTRAINT "fk_rails_987e053972"
FOREIGN KEY ("tour_id")
  REFERENCES "tours" ("id")
[0m
  [1m[35mSQL (0.2ms)[0m  INSERT INTO "schema_migrations" ("version") VALUES ($1)  [["version", "20150629224831"]]
  [1m[36m (0.6ms)[0m  [1mCOMMIT[0m
Migrating to CreatePhotos (20150629224943)
  [1m[35m (12.1ms)[0m  BEGIN
  [1m[36m (12.9ms)[0m  [1mCREATE TABLE "photos" ("id" serial primary key, "url" character varying, "step_id" integer, "created_at" timestamp NOT NULL, "updated_at" timestamp NOT NULL) [0m
  [1m[35m (0.8ms)[0m  CREATE  INDEX  "index_photos_on_step_id" ON "photos"  ("step_id")
  [1m[36m (1.1ms)[0m  [1mALTER TABLE "photos" ADD CONSTRAINT "fk_rails_7e7f05b727"
FOREIGN KEY ("step_id")
  REFERENCES "steps" ("id")
[0m
  [1m[35mSQL (0.1ms)[0m  INSERT INTO "schema_migrations" ("version") VALUES ($1)  [["version", "20150629224943"]]
  [1m[36m (0.5ms)[0m  [1mCOMMIT[0m
Migrating to CreateLocations (20150629225120)
  [1m[35m (5.7ms)[0m  BEGIN
  [1m[36m (14.5ms)[0m  [1mCREATE TABLE "locations" ("id" serial primary key, "neighborhood" character varying, "city" character varying, "state" character varying, "latitude" character varying, "longitude" character varying, "step_id" integer, "address" character varying, "created_at" timestamp NOT NULL, "updated_at" timestamp NOT NULL) [0m
  [1m[35m (3.1ms)[0m  CREATE  INDEX  "index_locations_on_step_id" ON "locations"  ("step_id")
  [1m[36m (0.7ms)[0m  [1mALTER TABLE "locations" ADD CONSTRAINT "fk_rails_6103795f94"
FOREIGN KEY ("step_id")
  REFERENCES "steps" ("id")
[0m
  [1m[35mSQL (0.1ms)[0m  INSERT INTO "schema_migrations" ("version") VALUES ($1)  [["version", "20150629225120"]]
  [1m[36m (0.5ms)[0m  [1mCOMMIT[0m
Migrating to CreateSavedTours (20150629234036)
  [1m[35m (0.3ms)[0m  BEGIN
  [1m[36m (2.1ms)[0m  [1mCREATE TABLE "saved_tours" ("id" serial primary key, "visitor_id" integer, "tour_id" integer, "created_at" timestamp NOT NULL, "updated_at" timestamp NOT NULL) [0m
  [1m[35mSQL (0.1ms)[0m  INSERT INTO "schema_migrations" ("version") VALUES ($1)  [["version", "20150629234036"]]
  [1m[36m (0.3ms)[0m  [1mCOMMIT[0m
  [1m[35mActiveRecord::SchemaMigration Load (0.2ms)[0m  SELECT "schema_migrations".* FROM "schema_migrations"
  [1m[36m (2.5ms)[0m  [1mSELECT t2.oid::regclass::text AS to_table, a1.attname AS column, a2.attname AS primary_key, c.conname AS name, c.confupdtype AS on_update, c.confdeltype AS on_delete
FROM pg_constraint c
JOIN pg_class t1 ON c.conrelid = t1.oid
JOIN pg_class t2 ON c.confrelid = t2.oid
JOIN pg_attribute a1 ON a1.attnum = c.conkey[1] AND a1.attrelid = t1.oid
JOIN pg_attribute a2 ON a2.attnum = c.confkey[1] AND a2.attrelid = t2.oid
JOIN pg_namespace t3 ON c.connamespace = t3.oid
WHERE c.contype = 'f'
  AND t1.relname = 'interests'
  AND t3.nspname = ANY (current_schemas(false))
ORDER BY c.conname
[0m
  [1m[35m (1.5ms)[0m  SELECT t2.oid::regclass::text AS to_table, a1.attname AS column, a2.attname AS primary_key, c.conname AS name, c.confupdtype AS on_update, c.confdeltype AS on_delete
FROM pg_constraint c
JOIN pg_class t1 ON c.conrelid = t1.oid
JOIN pg_class t2 ON c.confrelid = t2.oid
JOIN pg_attribute a1 ON a1.attnum = c.conkey[1] AND a1.attrelid = t1.oid
JOIN pg_attribute a2 ON a2.attnum = c.confkey[1] AND a2.attrelid = t2.oid
JOIN pg_namespace t3 ON c.connamespace = t3.oid
WHERE c.contype = 'f'
  AND t1.relname = 'locations'
  AND t3.nspname = ANY (current_schemas(false))
ORDER BY c.conname

  [1m[36m (1.5ms)[0m  [1mSELECT t2.oid::regclass::text AS to_table, a1.attname AS column, a2.attname AS primary_key, c.conname AS name, c.confupdtype AS on_update, c.confdeltype AS on_delete
FROM pg_constraint c
JOIN pg_class t1 ON c.conrelid = t1.oid
JOIN pg_class t2 ON c.confrelid = t2.oid
JOIN pg_attribute a1 ON a1.attnum = c.conkey[1] AND a1.attrelid = t1.oid
JOIN pg_attribute a2 ON a2.attnum = c.confkey[1] AND a2.attrelid = t2.oid
JOIN pg_namespace t3 ON c.connamespace = t3.oid
WHERE c.contype = 'f'
  AND t1.relname = 'photos'
  AND t3.nspname = ANY (current_schemas(false))
ORDER BY c.conname
[0m
  [1m[35m (1.4ms)[0m  SELECT t2.oid::regclass::text AS to_table, a1.attname AS column, a2.attname AS primary_key, c.conname AS name, c.confupdtype AS on_update, c.confdeltype AS on_delete
FROM pg_constraint c
JOIN pg_class t1 ON c.conrelid = t1.oid
JOIN pg_class t2 ON c.confrelid = t2.oid
JOIN pg_attribute a1 ON a1.attnum = c.conkey[1] AND a1.attrelid = t1.oid
JOIN pg_attribute a2 ON a2.attnum = c.confkey[1] AND a2.attrelid = t2.oid
JOIN pg_namespace t3 ON c.connamespace = t3.oid
WHERE c.contype = 'f'
  AND t1.relname = 'relationships'
  AND t3.nspname = ANY (current_schemas(false))
ORDER BY c.conname

  [1m[36m (1.8ms)[0m  [1mSELECT t2.oid::regclass::text AS to_table, a1.attname AS column, a2.attname AS primary_key, c.conname AS name, c.confupdtype AS on_update, c.confdeltype AS on_delete
FROM pg_constraint c
JOIN pg_class t1 ON c.conrelid = t1.oid
JOIN pg_class t2 ON c.confrelid = t2.oid
JOIN pg_attribute a1 ON a1.attnum = c.conkey[1] AND a1.attrelid = t1.oid
JOIN pg_attribute a2 ON a2.attnum = c.confkey[1] AND a2.attrelid = t2.oid
JOIN pg_namespace t3 ON c.connamespace = t3.oid
WHERE c.contype = 'f'
  AND t1.relname = 'saved_tours'
  AND t3.nspname = ANY (current_schemas(false))
ORDER BY c.conname
[0m
  [1m[35m (1.7ms)[0m  SELECT t2.oid::regclass::text AS to_table, a1.attname AS column, a2.attname AS primary_key, c.conname AS name, c.confupdtype AS on_update, c.confdeltype AS on_delete
FROM pg_constraint c
JOIN pg_class t1 ON c.conrelid = t1.oid
JOIN pg_class t2 ON c.confrelid = t2.oid
JOIN pg_attribute a1 ON a1.attnum = c.conkey[1] AND a1.attrelid = t1.oid
JOIN pg_attribute a2 ON a2.attnum = c.confkey[1] AND a2.attrelid = t2.oid
JOIN pg_namespace t3 ON c.connamespace = t3.oid
WHERE c.contype = 'f'
  AND t1.relname = 'steps'
  AND t3.nspname = ANY (current_schemas(false))
ORDER BY c.conname

  [1m[36m (1.6ms)[0m  [1mSELECT t2.oid::regclass::text AS to_table, a1.attname AS column, a2.attname AS primary_key, c.conname AS name, c.confupdtype AS on_update, c.confdeltype AS on_delete
FROM pg_constraint c
JOIN pg_class t1 ON c.conrelid = t1.oid
JOIN pg_class t2 ON c.confrelid = t2.oid
JOIN pg_attribute a1 ON a1.attnum = c.conkey[1] AND a1.attrelid = t1.oid
JOIN pg_attribute a2 ON a2.attnum = c.confkey[1] AND a2.attrelid = t2.oid
JOIN pg_namespace t3 ON c.connamespace = t3.oid
WHERE c.contype = 'f'
  AND t1.relname = 'tours'
  AND t3.nspname = ANY (current_schemas(false))
ORDER BY c.conname
[0m
  [1m[35m (1.5ms)[0m  SELECT t2.oid::regclass::text AS to_table, a1.attname AS column, a2.attname AS primary_key, c.conname AS name, c.confupdtype AS on_update, c.confdeltype AS on_delete
FROM pg_constraint c
JOIN pg_class t1 ON c.conrelid = t1.oid
JOIN pg_class t2 ON c.confrelid = t2.oid
JOIN pg_attribute a1 ON a1.attnum = c.conkey[1] AND a1.attrelid = t1.oid
JOIN pg_attribute a2 ON a2.attnum = c.confkey[1] AND a2.attrelid = t2.oid
JOIN pg_namespace t3 ON c.connamespace = t3.oid
WHERE c.contype = 'f'
  AND t1.relname = 'users'
  AND t3.nspname = ANY (current_schemas(false))
ORDER BY c.conname

  [1m[36mActiveRecord::SchemaMigration Load (0.4ms)[0m  [1mSELECT "schema_migrations".* FROM "schema_migrations"[0m
  [1m[36mActiveRecord::SchemaMigration Load (0.3ms)[0m  [1mSELECT "schema_migrations".* FROM "schema_migrations"[0m
  [1m[36mActiveRecord::SchemaMigration Load (0.3ms)[0m  [1mSELECT "schema_migrations".* FROM "schema_migrations"[0m
  [1m[35m (0.2ms)[0m  BEGIN
  [1m[36mUser Exists (1.0ms)[0m  [1mSELECT  1 AS one FROM "users" WHERE "users"."email" = 'drigsby@hotmail.com' LIMIT 1[0m
  [1m[35m (0.2ms)[0m  ROLLBACK
  [1m[36m (0.2ms)[0m  [1mBEGIN[0m
  [1m[35mUser Exists (0.7ms)[0m  SELECT  1 AS one FROM "users" WHERE "users"."email" = 'coco@coco.com' LIMIT 1
  [1m[36m (0.2ms)[0m  [1mROLLBACK[0m
  [1m[35m (0.1ms)[0m  BEGIN
  [1m[36mSQL (0.6ms)[0m  [1mINSERT INTO "interests" ("title", "description", "created_at", "updated_at") VALUES ($1, $2, $3, $4) RETURNING "id"[0m  [["title", "things"], ["description", "stuff"], ["created_at", "2015-06-30 00:38:16.031212"], ["updated_at", "2015-06-30 00:38:16.031212"]]
  [1m[35m (6.3ms)[0m  COMMIT
  [1m[36m (0.2ms)[0m  [1mBEGIN[0m
  [1m[35mSQL (1.5ms)[0m  INSERT INTO "tours" ("name", "interest_id", "description", "created_at", "updated_at") VALUES ($1, $2, $3, $4, $5) RETURNING "id"  [["name", "My Tour"], ["interest_id", 1], ["description", "Stuff and things"], ["created_at", "2015-06-30 00:38:16.054440"], ["updated_at", "2015-06-30 00:38:16.054440"]]
  [1m[36m (6.4ms)[0m  [1mCOMMIT[0m
  [1m[36mUser Load (0.6ms)[0m  [1mSELECT "users".* FROM "users"[0m
  [1m[35mUser Load (1.0ms)[0m  SELECT  "users".* FROM "users"  ORDER BY "users"."id" ASC LIMIT 1
  [1m[36mUser Load (0.8ms)[0m  [1mSELECT  "users".* FROM "users"  ORDER BY "users"."id" ASC LIMIT 1 OFFSET 1[0m
  [1m[35mUser Load (1.0ms)[0m  SELECT  "users".* FROM "users"  ORDER BY "users"."id" ASC LIMIT 1 OFFSET 2
  [1m[36mUser Load (0.7ms)[0m  [1mSELECT  "users".* FROM "users"  ORDER BY "users"."id" DESC LIMIT 1[0m


Started GET "/" for 127.0.0.1 at 2015-06-29 17:49:27 -0700
  [1m[36mActiveRecord::SchemaMigration Load (0.7ms)[0m  [1mSELECT "schema_migrations".* FROM "schema_migrations"[0m
  [1m[35mUser Load (0.7ms)[0m  SELECT  "users".* FROM "users" WHERE "users"."id" = $1  ORDER BY "users"."id" ASC LIMIT 1  [["id", 2]]
Processing by UsersController#show as HTML
  Rendered users/show.html.erb within layouts/application (1.4ms)
Completed 200 OK in 1727ms (Views: 1724.2ms | ActiveRecord: 0.0ms)


Started GET "/assets/application.self-e80e8f2318043e8af94dddc2adad5a4f09739a8ebb323b3ab31cd71d45fd9113.css?body=1" for 127.0.0.1 at 2015-06-29 17:49:29 -0700


Started GET "/assets/jquery.self-d03a5518f45df77341bdbe6201ba3bfa547ebba8ed64f0ea56bfa5f96ea7c074.js?body=1" for 127.0.0.1 at 2015-06-29 17:49:29 -0700


Started GET "/assets/jquery_ujs.self-ca5248a2fad13d6bd58ea121318d642f195f0b2dd818b30615f785ff365e8d1f.js?body=1" for 127.0.0.1 at 2015-06-29 17:49:29 -0700


Started GET "/assets/turbolinks.self-c37727e9bd6b2735da5c311aa83fead54ed0be6cc8bd9a65309e9c5abe2cbfff.js?body=1" for 127.0.0.1 at 2015-06-29 17:49:29 -0700


Started GET "/assets/application.self-3b8dabdc891efe46b9a144b400ad69e37d7e5876bdc39dee783419a69d7ca819.js?body=1" for 127.0.0.1 at 2015-06-29 17:49:29 -0700


Started GET "/" for 127.0.0.1 at 2015-06-29 17:49:44 -0700
Processing by Devise::SessionsController#new as HTML
  Rendered devise/shared/_links.html.erb (1.5ms)
  Rendered devise/sessions/new.html.erb within layouts/application (35.5ms)
Completed 200 OK in 117ms (Views: 114.1ms | ActiveRecord: 0.0ms)


Started GET "/assets/application.self-e80e8f2318043e8af94dddc2adad5a4f09739a8ebb323b3ab31cd71d45fd9113.css?body=1" for 127.0.0.1 at 2015-06-29 17:49:44 -0700


Started GET "/assets/jquery.self-d03a5518f45df77341bdbe6201ba3bfa547ebba8ed64f0ea56bfa5f96ea7c074.js?body=1" for 127.0.0.1 at 2015-06-29 17:49:44 -0700


Started GET "/assets/jquery_ujs.self-ca5248a2fad13d6bd58ea121318d642f195f0b2dd818b30615f785ff365e8d1f.js?body=1" for 127.0.0.1 at 2015-06-29 17:49:44 -0700


Started GET "/assets/application.self-3b8dabdc891efe46b9a144b400ad69e37d7e5876bdc39dee783419a69d7ca819.js?body=1" for 127.0.0.1 at 2015-06-29 17:49:44 -0700


Started GET "/assets/turbolinks.self-c37727e9bd6b2735da5c311aa83fead54ed0be6cc8bd9a65309e9c5abe2cbfff.js?body=1" for 127.0.0.1 at 2015-06-29 17:49:44 -0700


Started GET "/users/sign_up" for 127.0.0.1 at 2015-06-29 17:49:54 -0700
Processing by Devise::RegistrationsController#new as HTML
  Rendered devise/shared/_links.html.erb (0.5ms)
  Rendered devise/registrations/new.html.erb within layouts/application (7.6ms)
Completed 200 OK in 33ms (Views: 31.2ms | ActiveRecord: 0.0ms)


Started POST "/users" for 127.0.0.1 at 2015-06-29 17:50:20 -0700
Processing by Devise::RegistrationsController#create as HTML
  Parameters: {"utf8"=>"✓", "authenticity_token"=>"dGRWOn6Sq+hfjBscdk4wsjfUtWy3wclyTFPc8UZxICfYTbzMLaNcJL/vRtRwrqFam3/xfIzrH9ZPqyWY9Gw7bg==", "user"=>{"first_name"=>"hello", "last_name"=>"hello", "username"=>"hellohello", "email"=>"hello@hello.com", "password"=>"[FILTERED]", "password_confirmation"=>"[FILTERED]", "image_url"=>"http://dog.com/dog.jpg"}, "commit"=>"Sign up"}
  [1m[36m (0.1ms)[0m  [1mBEGIN[0m
  [1m[35mUser Exists (0.7ms)[0m  SELECT  1 AS one FROM "users" WHERE "users"."email" = 'hello@hello.com' LIMIT 1
  [1m[36mSQL (0.4ms)[0m  [1mINSERT INTO "users" ("first_name", "last_name", "username", "email", "encrypted_password", "image_url", "created_at", "updated_at") VALUES ($1, $2, $3, $4, $5, $6, $7, $8) RETURNING "id"[0m  [["first_name", "hello"], ["last_name", "hello"], ["username", "hellohello"], ["email", "hello@hello.com"], ["encrypted_password", "$2a$10$TUgzRy4TRlTOs5Tfu/T8Me5UbxvDEpQ0WWhCKJomlxY4kgweqYLyW"], ["image_url", "http://dog.com/dog.jpg"], ["created_at", "2015-06-30 00:50:20.563203"], ["updated_at", "2015-06-30 00:50:20.563203"]]
  [1m[35m (6.5ms)[0m  COMMIT
  [1m[36m (0.2ms)[0m  [1mBEGIN[0m
  [1m[35mSQL (0.5ms)[0m  UPDATE "users" SET "last_sign_in_at" = $1, "current_sign_in_at" = $2, "last_sign_in_ip" = $3, "current_sign_in_ip" = $4, "sign_in_count" = $5, "updated_at" = $6 WHERE "users"."id" = $7  [["last_sign_in_at", "2015-06-30 00:50:20.573713"], ["current_sign_in_at", "2015-06-30 00:50:20.573713"], ["last_sign_in_ip", "127.0.0.1/32"], ["current_sign_in_ip", "127.0.0.1/32"], ["sign_in_count", 1], ["updated_at", "2015-06-30 00:50:20.575321"], ["id", 4]]
  [1m[36m (6.1ms)[0m  [1mCOMMIT[0m
Redirected to http://starchie:3000/
Completed 302 Found in 128ms (ActiveRecord: 14.6ms)


Started GET "/" for 127.0.0.1 at 2015-06-29 17:50:20 -0700
  [1m[35mUser Load (0.3ms)[0m  SELECT  "users".* FROM "users" WHERE "users"."id" = $1  ORDER BY "users"."id" ASC LIMIT 1  [["id", 4]]
Processing by UsersController#show as HTML
  Rendered users/show.html.erb within layouts/application (0.0ms)
Completed 200 OK in 18ms (Views: 17.7ms | ActiveRecord: 0.0ms)


Started GET "/" for 127.0.0.1 at 2015-06-29 17:50:36 -0700
Processing by Devise::SessionsController#new as HTML
  Rendered devise/shared/_links.html.erb (0.4ms)
  Rendered devise/sessions/new.html.erb within layouts/application (2.7ms)
Completed 200 OK in 21ms (Views: 19.9ms | ActiveRecord: 0.0ms)


Started GET "/assets/application.self-e80e8f2318043e8af94dddc2adad5a4f09739a8ebb323b3ab31cd71d45fd9113.css?body=1" for 127.0.0.1 at 2015-06-29 17:50:36 -0700


Started GET "/assets/jquery.self-d03a5518f45df77341bdbe6201ba3bfa547ebba8ed64f0ea56bfa5f96ea7c074.js?body=1" for 127.0.0.1 at 2015-06-29 17:50:36 -0700


Started GET "/assets/jquery_ujs.self-ca5248a2fad13d6bd58ea121318d642f195f0b2dd818b30615f785ff365e8d1f.js?body=1" for 127.0.0.1 at 2015-06-29 17:50:36 -0700


Started GET "/assets/application.self-3b8dabdc891efe46b9a144b400ad69e37d7e5876bdc39dee783419a69d7ca819.js?body=1" for 127.0.0.1 at 2015-06-29 17:50:36 -0700


Started GET "/assets/turbolinks.self-c37727e9bd6b2735da5c311aa83fead54ed0be6cc8bd9a65309e9c5abe2cbfff.js?body=1" for 127.0.0.1 at 2015-06-29 17:50:36 -0700


Started POST "/users/sign_in" for 127.0.0.1 at 2015-06-29 17:50:48 -0700
Processing by Devise::SessionsController#create as HTML
  Parameters: {"utf8"=>"✓", "authenticity_token"=>"65CY6gMS/MCiehL6X3HV3xGl5FR7QFEjhF2h3IKITeI/q843yZy2wjPJBszF6I7ZkzaoGOxaTNv96K7wo+K9xg==", "user"=>{"email"=>"hello@hello.com", "password"=>"[FILTERED]", "remember_me"=>"0"}, "commit"=>"Log in"}
  [1m[36mUser Load (0.3ms)[0m  [1mSELECT  "users".* FROM "users" WHERE "users"."email" = $1  ORDER BY "users"."id" ASC LIMIT 1[0m  [["email", "hello@hello.com"]]
  [1m[35m (0.1ms)[0m  BEGIN
  [1m[36mSQL (0.3ms)[0m  [1mUPDATE "users" SET "current_sign_in_at" = $1, "sign_in_count" = $2, "updated_at" = $3 WHERE "users"."id" = $4[0m  [["current_sign_in_at", "2015-06-30 00:50:48.522036"], ["sign_in_count", 2], ["updated_at", "2015-06-30 00:50:48.523390"], ["id", 4]]
  [1m[35m (0.5ms)[0m  COMMIT
Redirected to http://starchie:3000/
Completed 302 Found in 91ms (ActiveRecord: 1.3ms)


Started GET "/" for 127.0.0.1 at 2015-06-29 17:50:48 -0700
  [1m[36mUser Load (0.2ms)[0m  [1mSELECT  "users".* FROM "users" WHERE "users"."id" = $1  ORDER BY "users"."id" ASC LIMIT 1[0m  [["id", 4]]
Processing by UsersController#show as HTML
  Rendered users/show.html.erb within layouts/application (0.0ms)
Completed 200 OK in 21ms (Views: 21.0ms | ActiveRecord: 0.0ms)
